<?xml version="1.0" encoding="utf-8"?><testsuites name="pytest tests"><testsuite name="pytest" errors="0" failures="0" skipped="0" tests="242" time="8.035" timestamp="2026-07-29T20:36:50.211670+08:00" hostname="MacBook-Pro.local"><testcase classname="tests.acceptance.test_phase0_digest" name="test_digest_cli_contract_accepts_new_and_kb_directories" time="0.055" /><testcase classname="tests.acceptance.test_phase0_digest" name="test_digest_missing_inputs_reports_validation_error_for_missing_positionals" time="0.056" /><testcase classname="tests.acceptance.test_phase0_digest" name="test_digest_missing_inputs_reports_actionable_validation_errors" time="0.108" /><testcase classname="tests.acceptance.test_phase0_digest" name="test_digest_cli_contract_reads_json_config_defaults_and_options" time="0.109" /><testcase classname="tests.acceptance.test_phase0_digest" name="test_digest_cli_contract_reports_validation_error_for_invalid_json_config" time="0.052" /><testcase classname="tests.acceptance.test_phase0_digest" name="test_digest_cli_rejects_invalid_page_match_threshold" time="0.052" /><testcase classname="tests.acceptance.test_phase0_digest" name="test_digest_cli_contract_validation_errors_identify_the_failing_stage" time="0.202" /><testcase classname="tests.acceptance.test_phase0_digest" name="test_digest_dry_run_contract_audits_structure_with_defaults_without_writing" time="0.056" /><testcase classname="tests.acceptance.test_phase0_digest" name="test_digest_dry_run_contract_counts_only_ingestible_item_types" time="0.055" /><testcase classname="tests.acceptance.test_phase0_digest" name="test_digest_cli_contract_accepts_required_threshold_option_names_and_config_keys" time="0.053" /><testcase classname="tests.acceptance.test_phase0_digest" name="test_digest_cli_contract_reads_page_archive_and_queue_root_keys" time="0.052" /><testcase classname="tests.acceptance.test_phase0_digest" name="test_digest_dry_run_contract_rejects_escaping_digest_symlink" time="0.050" /><testcase classname="tests.acceptance.test_phase0_digest" name="test_s1_ingest_module_exports_ingest" time="0.000" /><testcase classname="tests.acceptance.test_phase0_digest" name="test_s2_cluster_module_exports_cluster" time="0.000" /><testcase classname="tests.acceptance.test_phase0_digest" name="test_s3_retrieve_module_exports_retrieve" time="0.000" /><testcase classname="tests.acceptance.test_phase0_digest" name="test_s4_draft_module_exports_draft" time="0.000" /><testcase classname="tests.acceptance.test_phase0_digest" name="test_jsonl_module_exports_read_write" time="0.000" /><testcase classname="tests.acceptance.test_phase0_digest" name="test_queues_module_exports_write_queues" time="0.000" /><testcase classname="tests.acceptance.test_phase0_digest" name="test_faithfulness_module_verifies_claims" time="0.000" /><testcase classname="tests.acceptance.test_phase0_digest" name="test_phase0_digest_fixture_files_exist" time="0.000" /><testcase classname="tests.acceptance.test_phase0_digest" name="test_digest_runs_s1_through_s4_with_traceable_outputs" time="0.064" /><testcase classname="tests.acceptance.test_phase0_digest" name="test_s5_writeback_reports_completed_atomic_page_writes" time="0.060" /><testcase classname="tests.acceptance.test_phase0_digest" name="test_s6_provenance_audit_keeps_only_valid_final_sources" time="0.066" /><testcase classname="tests.acceptance.test_phase0_digest" name="test_s5_atomic_failure_keeps_original_page_and_records_failed_write" time="0.005" /><testcase classname="tests.acceptance.test_phase0_digest" name="test_non_dry_run_report_matches_s5_formal_changes" time="0.069" /><testcase classname="tests.acceptance.test_phase0_digest" name="test_s2_low_confidence_clusters_are_written_to_review_queues" time="0.061" /><testcase classname="tests.acceptance.test_phase0_digest" name="test_s3_covers_new_revise_merge_multiple_and_respects_top_k" time="0.002" /><testcase classname="tests.acceptance.test_phase0_digest" name="test_s3_keeps_weak_positive_candidates_without_treating_them_as_targets" time="0.002" /><testcase classname="tests.acceptance.test_phase0_digest" name="test_s3_excludes_incidental_second_candidate_from_revise_targets" time="0.001" /><testcase classname="tests.acceptance.test_phase0_digest" name="test_s3_page_match_threshold_includes_exact_boundary_only" time="0.001" /><testcase classname="tests.acceptance.test_phase0_digest" name="test_s4_unsupported_claims_are_reported_but_never_written_to_page" time="0.060" /><testcase classname="tests.acceptance.test_phase0_digest" name="test_complete_run_has_six_of_six_traceable_stage_artifacts" time="0.058" /><testcase classname="tests.acceptance.test_phase0_digest" name="test_long_document_is_kept_complete_and_emits_split_suggestion" time="0.062" /><testcase classname="tests.acceptance.test_phase0_digest" name="test_ac011_out_of_scope_integrations_are_not_created" time="0.059" /><testcase classname="tests.acceptance.test_phase0_digest" name="test_dry_run_report_contains_stable_write_plan_snapshot" time="0.112" /><testcase classname="tests.acceptance.test_phase0_digest" name="test_revise_write_archives_exact_before_snapshot_with_reason" time="0.067" /><testcase classname="tests.acceptance.test_phase0_digest" name="test_rerun_is_idempotent_for_pages_and_queue_entries" time="0.162" /><testcase classname="tests.acceptance.test_phase0_digest" name="test_merge_multiple_writes_all_target_pages_from_one_real_draft" time="0.006" /><testcase classname="tests.acceptance.test_phase0_digest" name="test_two_clusters_targeting_one_page_are_aggregated_without_overwrite" time="0.004" /><testcase classname="tests.acceptance.test_phase0_digest" name="test_existing_page_is_archived_once_and_old_body_stays_formal" time="0.002" /><testcase classname="tests.acceptance.test_phase0_digest" name="test_cross_target_contributions_are_merged_per_page" time="0.004" /><testcase classname="tests.acceptance.test_phase0_digest" name="test_end_to_end_s3_to_s6_keeps_all_targets_coverage_and_unique_claims" time="0.063" /><testcase classname="tests.acceptance.test_phase0_digest" name="test_aggregated_writeback_keeps_existing_frontmatter_at_file_start" time="0.003" /><testcase classname="tests.acceptance.test_phase0_digest" name="test_long_merge_multiple_split_evidence_matches_all_real_targets" time="0.002" /><testcase classname="tests.acceptance.test_phase0_digest" name="test_same_run_id_replay_keeps_each_archive_snapshot_replayable" time="0.004" /><testcase classname="tests.acceptance.test_phase0_digest" name="test_aggregated_writeback_preserves_fenced_code_blocks" time="0.003" /><testcase classname="tests.acceptance.test_phase0_digest" name="test_body_provenance_details_heading_is_not_system_provenance" time="0.002" /><testcase classname="tests.acceptance.test_phase0_digest" name="test_same_page_write_report_and_archive_record_all_contributors" time="0.003" /><testcase classname="tests.acceptance.test_phase0_digest" name="test_writeback_rejects_symlink_escape_before_external_write" time="0.001" /><testcase classname="tests.acceptance.test_phase0_digest" name="test_same_claim_text_is_deduped_in_markdown_and_provenance_on_replay" time="0.004" /><testcase classname="tests.acceptance.test_phase1_loss_prevention" name="test_ac01_local_snapshot_contract_is_complete" time="0.059" /><testcase classname="tests.acceptance.test_phase1_loss_prevention" name="test_ac01_failed_snapshot_has_a_stable_id" time="0.108" /><testcase classname="tests.acceptance.test_phase1_loss_prevention" name="test_ac02_missing_source_uri_is_failed_without_synthetic_file_uri" time="0.053" /><testcase classname="tests.acceptance.test_phase1_loss_prevention" name="test_ac02_missing_source_manifest_does_not_synthesize_file_uri" time="0.052" /><testcase classname="tests.acceptance.test_phase1_loss_prevention" name="test_ac02_failed_and_shell_sources_are_not_formal_sources" time="0.055" /><testcase classname="tests.acceptance.test_phase1_loss_prevention" name="test_ac03_every_final_claim_has_replayable_lineage" time="0.052" /><testcase classname="tests.acceptance.test_phase1_loss_prevention" name="test_ac04_content_change_creates_bidirectional_version_relation" time="0.106" /><testcase classname="tests.acceptance.test_phase1_loss_prevention" name="test_ac05_later_validation_failure_keeps_claim_pending" time="0.102" /><testcase classname="tests.acceptance.test_phase1_loss_prevention" name="test_ac06_replace_archive_contains_content_reason_and_lineage" time="0.104" /><testcase classname="tests.acceptance.test_phase1_loss_prevention" name="test_ac08_unexpired_archive_is_recoverable" time="0.105" /><testcase classname="tests.acceptance.test_phase1_loss_prevention" name="test_ac09_ac10_missing_structure_declaration_is_fail_closed[why]" time="0.049" /><testcase classname="tests.acceptance.test_phase1_loss_prevention" name="test_ac09_ac10_missing_structure_declaration_is_fail_closed[version]" time="0.052" /><testcase classname="tests.acceptance.test_phase1_loss_prevention" name="test_ac09_ac10_both_structure_declarations_missing_is_fail_closed" time="0.048" /><testcase classname="tests.acceptance.test_phase1_loss_prevention" name="test_ac09_ac10_phase0_root_layout_remains_fail_closed[---\ncontract_version: phase1\nroots:\n  - pages\n  - _archive\n  - _queues\n---\n]" time="0.049" /><testcase classname="tests.acceptance.test_phase1_loss_prevention" name="test_ac09_ac10_phase0_root_layout_remains_fail_closed[---\ncontract_version: phase1\npage_root: pages\narchive_root: _archive\nqueue_root: _queues\n---\n]" time="0.050" /><testcase classname="tests.acceptance.test_phase1_loss_prevention" name="test_ac11_complete_structure_allows_official_write" time="0.055" /><testcase classname="tests.acceptance.test_phase1_loss_prevention" name="test_ac12_long_document_is_reorganized_without_loss" time="0.054" /><testcase classname="tests.acceptance.test_phase1_loss_prevention" name="test_ac13_atomic_components_share_an_output_page" time="0.055" /><testcase classname="tests.acceptance.test_phase1_loss_prevention" name="test_ac13_multipart_atomic_components_and_code_explanation_are_lossless" time="0.053" /><testcase classname="tests.acceptance.test_phase1_loss_prevention" name="test_ac13_code_block_keeps_preceding_explanation_atomic" time="0.055" /><testcase classname="tests.acceptance.test_phase1_loss_prevention" name="test_ac13_heading_block_stays_contiguous_until_next_heading" time="0.056" /><testcase classname="tests.acceptance.test_phase1_loss_prevention" name="test_ac13_heading_sections_split_at_nested_headings" time="0.053" /><testcase classname="tests.acceptance.test_phase1_loss_prevention" name="test_ac14_oversized_atomic_component_is_visible_and_complete" time="0.053" /><testcase classname="tests.acceptance.test_phase1_loss_prevention" name="test_ac15_structure_failure_leaves_existing_formal_page_untouched" time="0.102" /><testcase classname="tests.acceptance.test_phase1_loss_prevention" name="test_ac06_multi_source_page_archive_keeps_all_snapshot_refs" time="0.004" /><testcase classname="tests.acceptance.test_phase1_loss_prevention" name="test_ac06_failed_batch_archives_originals_before_overwriting" time="0.006" /><testcase classname="tests.acceptance.test_phase1_loss_prevention" name="test_ac16_mixed_acceptance_run_has_all_canonical_evidence" time="0.054" /><testcase classname="tests.acceptance.test_phase25_llm" name="test_openai_format_sends_expected_request_and_parses_response" time="0.001" /><testcase classname="tests.acceptance.test_phase25_llm" name="test_anthropic_format_sends_expected_request_and_parses_response" time="0.000" /><testcase classname="tests.acceptance.test_phase25_llm" name="test_four_concurrent_real_requests_cross_the_transport_boundary" time="0.582" /><testcase classname="tests.acceptance.test_phase25_llm" name="test_spawned_request_preserves_the_hard_wall_clock_deadline" time="1.069" /><testcase classname="tests.acceptance.test_phase25_llm" name="test_missing_api_key_raises_without_calling_the_provider" time="0.001" /><testcase classname="tests.acceptance.test_phase25_llm" name="test_generator_from_env_without_key_raises_instead_of_downgrading" time="0.001" /><testcase classname="tests.acceptance.test_phase25_llm" name="test_generator_from_env_accepts_a_configurable_timeout" time="0.008" /><testcase classname="tests.acceptance.test_phase25_llm" name="test_generator_from_env_rejects_invalid_timeout[0]" time="0.008" /><testcase classname="tests.acceptance.test_phase25_llm" name="test_generator_from_env_rejects_invalid_timeout[-1]" time="0.003" /><testcase classname="tests.acceptance.test_phase25_llm" name="test_generator_from_env_rejects_invalid_timeout[not-an-int]" time="0.000" /><testcase classname="tests.acceptance.test_phase25_llm" name="test_http_500_raises_and_does_not_retry" time="0.001" /><testcase classname="tests.acceptance.test_phase25_llm" name="test_timeout_raises_and_does_not_retry" time="0.001" /><testcase classname="tests.acceptance.test_phase25_llm" name="test_generator_retries_transport_failure_only_when_configured" time="0.001" /><testcase classname="tests.acceptance.test_phase25_llm" name="test_generator_does_not_retry_invalid_provider_output" time="0.001" /><testcase classname="tests.acceptance.test_phase25_llm" name="test_hard_deadline_interrupts_a_blocking_read" time="1.003" /><testcase classname="tests.acceptance.test_phase25_llm" name="test_non_json_provider_output_raises" time="0.000" /><testcase classname="tests.acceptance.test_phase25_llm" name="test_unexpected_response_shape_raises" time="0.000" /><testcase classname="tests.acceptance.test_phase25_llm" name="test_prompt_states_the_verbatim_and_structure_constraints" time="0.000" /><testcase classname="tests.acceptance.test_phase25_llm" name="test_summary_prompt_declares_nested_contract_and_evidence_mode" time="0.000" /><testcase classname="tests.acceptance.test_phase25_llm" name="test_faithful_llm_output_is_accepted" time="0.002" /><testcase classname="tests.acceptance.test_phase25_llm" name="test_missing_provider_raw_ids_are_restored_from_exact_source_lineage" time="0.002" /><testcase classname="tests.acceptance.test_phase25_llm" name="test_missing_provider_raw_id_is_not_guessed_when_source_is_ambiguous" time="0.000" /><testcase classname="tests.acceptance.test_phase25_llm" name="test_provider_cannot_invent_internal_provenance_missing_from_source" time="0.000" /><testcase classname="tests.acceptance.test_phase25_llm" name="test_llm_reorganization_that_keeps_claim_text_verbatim_passes_the_hard_gate" time="0.001" /><testcase classname="tests.acceptance.test_phase25_llm" name="test_llm_dropping_a_claim_is_rejected_by_the_retention_gate" time="0.001" /><testcase classname="tests.acceptance.test_phase25_llm" name="test_llm_dropping_a_claim_while_keeping_coverage_rows_is_rejected" time="0.001" /><testcase classname="tests.acceptance.test_phase25_llm" name="test_llm_paraphrasing_a_claim_is_rejected_by_the_hard_gate" time="0.001" /><testcase classname="tests.acceptance.test_phase25_llm" name="test_minimal_punctuation_drift_is_rejected_by_the_hard_gate" time="0.001" /><testcase classname="tests.acceptance.test_phase25_llm" name="test_extra_whitespace_and_case_drift_passes_the_normalized_gate" time="0.001" /><testcase classname="tests.acceptance.test_phase25_llm" name="test_fullwidth_punctuation_drift_passes_the_normalized_gate" time="0.001" /><testcase classname="tests.acceptance.test_phase25_llm" name="test_word_substitution_is_still_rejected_by_the_normalized_gate" time="0.001" /><testcase classname="tests.acceptance.test_phase25_llm" name="test_normalize_for_gate_folds_surface_only" time="0.000" /><testcase classname="tests.acceptance.test_phase25_llm" name="test_llm_claim_not_present_in_source_is_rejected" time="0.002" /><testcase classname="tests.acceptance.test_phase25_llm" name="test_llm_copying_a_source_fingerprint_onto_replacement_text_is_rejected" time="0.002" /><testcase classname="tests.acceptance.test_phase25_llm" name="test_llm_shrinking_claims_to_filler_under_kept_fingerprints_is_rejected" time="0.001" /><testcase classname="tests.acceptance.test_phase25_llm" name="test_provider_output_without_final_body_raises" time="0.000" /><testcase classname="tests.acceptance.test_phase25_llm" name="test_fenced_json_response_is_parsed" time="0.000" /><testcase classname="tests.acceptance.test_phase25_llm" name="test_llm_is_disabled_by_default_and_uses_the_identity_generator" time="0.000" /><testcase classname="tests.acceptance.test_phase25_llm" name="test_env_format_enables_the_provider_path" time="0.000" /><testcase classname="tests.acceptance.test_phase25_llm" name="test_no_llm_flag_overrides_the_environment" time="0.000" /><testcase classname="tests.acceptance.test_phase25_llm" name="test_unknown_llm_format_is_rejected" time="0.000" /><testcase classname="tests.acceptance.test_phase25_llm" name="test_llm_batch_limits_are_configurable_and_validated" time="0.001" /><testcase classname="tests.acceptance.test_phase25_llm" name="test_llm_summary_mode_is_configurable" time="0.001" /><testcase classname="tests.acceptance.test_phase25_llm" name="test_summary_mode_renders_model_summary_above_complete_deterministic_evidence" time="0.001" /><testcase classname="tests.acceptance.test_phase25_llm" name="test_summary_rejects_omitted_protected_numbers_and_identifiers" time="0.000" /><testcase classname="tests.acceptance.test_phase25_llm" name="test_summary_repair_copies_exact_source_detail_instead_of_accepting_vague_wording" time="0.000" /><testcase classname="tests.acceptance.test_phase25_llm" name="test_summary_support_fingerprint_shorthand_is_normalized_safely" time="0.001" /><testcase classname="tests.acceptance.test_phase25_llm" name="test_invalid_summary_reference_falls_back_without_losing_evidence" time="0.001" /><testcase classname="tests.acceptance.test_phase25_llm" name="test_llm_large_draft_is_generated_in_bounded_claim_batches" time="0.002" /><testcase classname="tests.acceptance.test_phase25_llm" name="test_invalid_llm_batch_falls_back_for_the_whole_draft" time="0.001" /><testcase classname="tests.acceptance.test_phase25_llm" name="test_llm_batch_concurrency_is_bounded_and_merge_order_is_stable" time="0.068" /><testcase classname="tests.acceptance.test_phase25_llm" name="test_llm_batching_never_splits_an_atomic_code_component" time="0.001" /><testcase classname="tests.acceptance.test_phase25_llm" name="test_summary_batching_splits_oversized_atomic_claims_without_losing_evidence" time="0.002" /><testcase classname="tests.acceptance.test_phase25_llm" name="test_llm_dropping_a_source_heading_rejects_the_whole_draft" time="0.001" /><testcase classname="tests.acceptance.test_phase25_llm" name="test_oversized_prose_section_keeps_its_heading_in_a_batch" time="0.001" /><testcase classname="tests.acceptance.test_phase25_llm" name="test_llm_cannot_merge_two_code_blocks_by_dropping_repeated_fences" time="0.001" /><testcase classname="tests.acceptance.test_phase25_llm" name="test_end_to_end_fallback_page_keeps_every_source_line" time="0.005" /><testcase classname="tests.acceptance.test_phase25_llm" name="test_end_to_end_retention_gate_keeps_a_dropped_claim_on_the_committed_page" time="0.005" /><testcase classname="tests.acceptance.test_phase25_llm" name="test_end_to_end_accepted_llm_body_reaches_the_committed_page" time="0.005" /><testcase classname="tests.acceptance.test_phase25_llm" name="test_llm_forging_claim_lineage_is_rejected" time="0.002" /><testcase classname="tests.acceptance.test_phase25_llm" name="test_llm_forging_claim_raw_id_is_rejected" time="0.001" /><testcase classname="tests.acceptance.test_phase25_llm" name="test_llm_collapsing_a_duplicated_source_line_is_rejected" time="0.001" /><testcase classname="tests.acceptance.test_phase25_llm" name="test_malformed_provider_claims_fall_back_instead_of_crashing_the_run[None]" time="0.001" /><testcase classname="tests.acceptance.test_phase25_llm" name="test_malformed_provider_claims_fall_back_instead_of_crashing_the_run[not a list]" time="0.001" /><testcase classname="tests.acceptance.test_phase25_llm" name="test_malformed_provider_claims_fall_back_instead_of_crashing_the_run[42]" time="0.001" /><testcase classname="tests.acceptance.test_phase25_llm" name="test_malformed_provider_claims_fall_back_instead_of_crashing_the_run[malformed_claims3]" time="0.002" /><testcase classname="tests.acceptance.test_phase25_llm" name="test_malformed_provider_claims_fall_back_instead_of_crashing_the_run[malformed_claims4]" time="0.001" /><testcase classname="tests.acceptance.test_phase2_5_append_only_durability" name="test_claim_history_grows_monotonically_and_keeps_first_run_lines" time="0.106" /><testcase classname="tests.acceptance.test_phase2_5_append_only_durability" name="test_previous_pending_entry_survives_a_run_whose_sources_pass" time="0.156" /><testcase classname="tests.acceptance.test_phase2_5_append_only_durability" name="test_archive_is_durable_before_target_page_is_overwritten" time="0.060" /><testcase classname="tests.acceptance.test_phase2_5_append_only_durability" name="test_records_jsonl_keeps_earlier_lines_when_a_later_append_fails" time="0.001" /><testcase classname="tests.acceptance.test_phase2_5_append_only_durability" name="test_truncated_trailing_line_does_not_destroy_earlier_records" time="0.001" /><testcase classname="tests.acceptance.test_phase2_5_append_only_durability" name="test_torn_tail_is_discarded_not_sealed_so_the_ledger_self_heals" time="0.001" /><testcase classname="tests.acceptance.test_phase2_5_append_only_durability" name="test_append_jsonl_writes_every_byte_when_the_kernel_accepts_short_writes" time="0.001" /><testcase classname="tests.acceptance.test_phase2_5_append_only_durability" name="test_pending_review_rewrite_is_atomic_so_a_failed_write_keeps_old_entries" time="0.001" /><testcase classname="tests.acceptance.test_phase2_5_append_only_durability" name="test_last_line_valid_but_non_object_json_still_fails_loudly" time="0.001" /><testcase classname="tests.acceptance.test_phase2_5_append_only_durability" name="test_replace_jsonl_leaves_no_temp_file_when_the_write_phase_fails" time="0.002" /><testcase classname="tests.acceptance.test_phase2_5_concurrency_lock" name="test_second_digest_fails_fast_while_lock_is_held" time="0.048" /><testcase classname="tests.acceptance.test_phase2_5_concurrency_lock" name="test_lock_is_released_after_a_successful_run" time="0.051" /><testcase classname="tests.acceptance.test_phase2_5_concurrency_lock" name="test_lock_is_released_when_the_run_raises" time="0.001" /><testcase classname="tests.acceptance.test_phase2_5_concurrency_lock" name="test_concurrent_digest_processes_do_not_both_commit" time="0.059" /><testcase classname="tests.acceptance.test_phase2_5_dirty_fixtures" name="test_dirty_fixtures_exist" time="0.000" /><testcase classname="tests.acceptance.test_phase2_5_dirty_fixtures" name="test_dirty_fixture_survives_digest_line_by_line[dirty-html-residue.md]" time="0.054" /><testcase classname="tests.acceptance.test_phase2_5_dirty_fixtures" name="test_dirty_fixture_survives_digest_line_by_line[dirty-cjk-mixed.md]" time="0.056" /><testcase classname="tests.acceptance.test_phase2_5_dirty_fixtures" name="test_dirty_fixture_survives_digest_line_by_line[dirty-malformed-frontmatter.md]" time="0.057" /><testcase classname="tests.acceptance.test_phase2_5_dirty_fixtures" name="test_dirty_fixture_survives_digest_line_by_line[dirty-longline.md]" time="0.054" /><testcase classname="tests.acceptance.test_phase2_5_dirty_fixtures" name="test_dirty_fixture_survives_digest_line_by_line[dirty-deep-structure.md]" time="0.058" /><testcase classname="tests.acceptance.test_phase2_5_dirty_fixtures" name="test_dirty_html_residue_keeps_markup_and_bom_characters" time="0.056" /><testcase classname="tests.acceptance.test_phase2_5_dirty_fixtures" name="test_dirty_cjk_mixed_keeps_punctuation_and_identifiers" time="0.054" /><testcase classname="tests.acceptance.test_phase2_5_dirty_fixtures" name="test_dirty_malformed_frontmatter_keeps_header_and_body" time="0.056" /><testcase classname="tests.acceptance.test_phase2_5_dirty_fixtures" name="test_dirty_longline_is_not_rewrapped" time="0.057" /><testcase classname="tests.acceptance.test_phase2_5_dirty_fixtures" name="test_dirty_deep_structure_keeps_tables_lists_and_code_blocks" time="0.053" /><testcase classname="tests.acceptance.test_phase2_rethink" name="test_valid_single_round_is_selected_without_fallback" time="0.002" /><testcase classname="tests.acceptance.test_phase2_rethink" name="test_invalid_candidate_is_rejected_and_recorded" time="0.001" /><testcase classname="tests.acceptance.test_phase2_rethink" name="test_all_invalid_rounds_use_claim_fallback" time="0.001" /><testcase classname="tests.acceptance.test_phase2_rethink" name="test_writeback_lands_pages_directly_in_the_real_kb" time="0.055" /><testcase classname="tests.acceptance.test_phase2_rethink" name="test_dry_run_writes_no_formal_knowledge_base_files" time="0.052" /><testcase classname="tests.acceptance.test_phase2_rethink" name="test_phase4_regression_targets_and_cli_boundary_remain_explicit" time="0.047" /><testcase classname="tests.acceptance.test_phase2_rethink" name="test_insufficient_signal_only_commits_its_queue_entry" time="0.049" /><testcase classname="tests.acceptance.test_phase3_agentmemory" name="test_provenance_round_trip_is_exact_and_rejects_changed_locator" time="0.000" /><testcase classname="tests.acceptance.test_phase3_agentmemory" name="test_store_uses_official_endpoints_and_deduplicates_by_claim_fingerprint" time="0.000" /><testcase classname="tests.acceptance.test_phase3_agentmemory_runner" name="test_copy_corpus_selects_three_inputs_and_keeps_other_markdown_in_company_kb" time="0.003" /><testcase classname="tests.acceptance.test_phase3_agentmemory_runner" name="test_agentmemory_environment_and_paths_are_inside_temp_root" time="0.002" /><testcase classname="tests.acceptance.test_phase3_agentmemory_runner" name="test_replay_created_count_is_zero" time="0.000" /><testcase classname="tests.acceptance.test_phase3_agentmemory_runner" name="test_provenance_reverse_validation_is_nonzero_then_zero" time="0.000" /><testcase classname="tests.acceptance.test_phase4_calibration" name="test_feature_separation_is_recomputable_and_thresholds_ignore_holdout" time="0.003" /><testcase classname="tests.acceptance.test_phase4_calibration" name="test_adoption_fails_closed_for_missing_cells_leakage_or_new_errors" time="0.003" /><testcase classname="tests.acceptance.test_phase4_calibration" name="test_zero_metric_denominator_lists_expansion_and_stays_not_adopted" time="0.001" /><testcase classname="tests.acceptance.test_phase4_calibration" name="test_tier_distribution_deduplicates_observed_clusters" time="0.001" /><testcase classname="tests.acceptance.test_phase4_calibration" name="test_split_is_deterministic_stratified_and_confirmed_only" time="0.001" /><testcase classname="tests.acceptance.test_phase4_calibration" name="test_single_lineage_cell_becomes_not_adopted_expansion_evidence" time="0.001" /><testcase classname="tests.acceptance.test_phase4_calibration" name="test_service_unavailable_is_blocked_not_an_artifact" time="0.000" /><testcase classname="tests.acceptance.test_phase4_calibration" name="test_cli_writes_exact_artifact_and_preserves_explicit_jaccard" time="0.006" /><testcase classname="tests.acceptance.test_phase4_calibration" name="test_cli_rejects_scored_gold_field_tampering_with_old_hash[lineage_id]" time="0.003" /><testcase classname="tests.acceptance.test_phase4_calibration" name="test_cli_rejects_scored_gold_field_tampering_with_old_hash[content_identity]" time="0.003" /><testcase classname="tests.acceptance.test_phase4_calibration" name="test_cli_rejects_scored_gold_field_tampering_with_old_hash[label]" time="0.002" /><testcase classname="tests.acceptance.test_phase4_calibration" name="test_fresh_recommendation_enables_embedding_without_mutating_source" time="0.001" /><testcase classname="tests.acceptance.test_phase4_calibration" name="test_cli_blocked_writes_no_artifact" time="0.002" /><testcase classname="tests.acceptance.test_phase4_embedding_runner" name="test_formal_identity_bindings_are_globally_unique[changed0-source identity]" time="0.000" /><testcase classname="tests.acceptance.test_phase4_embedding_runner" name="test_formal_identity_bindings_are_globally_unique[changed1-query_id]" time="0.000" /><testcase classname="tests.acceptance.test_phase4_embedding_runner" name="test_formal_cases_are_scored_by_one_real_batch_not_trusted" time="0.012" /><testcase classname="tests.acceptance.test_phase4_embedding_runner" name="test_runner_requires_distinct_absolute_paths" time="0.001" /><testcase classname="tests.acceptance.test_phase4_embedding_runner" name="test_runner_rejects_nonempty_evidence_without_overwriting" time="0.008" /><testcase classname="tests.acceptance.test_phase4_embedding_runner" name="test_replay_mismatch_is_blocked_and_removes_current_artifact" time="0.002" /><testcase classname="tests.acceptance.test_phase4_embedding_runner" name="test_calibration_exception_removes_every_partial_file" time="0.002" /><testcase classname="tests.acceptance.test_phase4_embedding_runner" name="test_blocked_run_proves_isolation_cleanup_and_writes_no_artifact" time="0.077" /><testcase classname="tests.acceptance.test_phase4_embedding_runner" name="test_success_keeps_explicit_jaccard_config_and_binds_probe_identity" time="0.082" /><testcase classname="tests.acceptance.test_phase4_embedding_runtime" name="test_default_is_jaccard_and_does_not_construct_client" time="0.001" /><testcase classname="tests.acceptance.test_phase4_embedding_runtime" name="test_endpoint_allowlist[http://127.0.0.1:7777/v1-http://127.0.0.1:7777/v1]" time="0.000" /><testcase classname="tests.acceptance.test_phase4_embedding_runtime" name="test_endpoint_allowlist[https://[::1]:8443/v1/-https://[::1]:8443/v1]" time="0.000" /><testcase classname="tests.acceptance.test_phase4_embedding_runtime" name="test_endpoint_allowlist[https://llm.paxszapp.com/v1-https://llm.paxszapp.com:443/v1]" time="0.000" /><testcase classname="tests.acceptance.test_phase4_embedding_runtime" name="test_endpoint_allowlist_rejects_unapproved_addresses[http://llm.paxszapp.com/v1]" time="0.000" /><testcase classname="tests.acceptance.test_phase4_embedding_runtime" name="test_endpoint_allowlist_rejects_unapproved_addresses[https://llm.paxszapp.com:444/v1]" time="0.000" /><testcase classname="tests.acceptance.test_phase4_embedding_runtime" name="test_endpoint_allowlist_rejects_unapproved_addresses[https://example.com/v1]" time="0.000" /><testcase classname="tests.acceptance.test_phase4_embedding_runtime" name="test_endpoint_allowlist_rejects_unapproved_addresses[http://192.168.1.20:7777/v1]" time="0.000" /><testcase classname="tests.acceptance.test_phase4_embedding_runtime" name="test_endpoint_allowlist_rejects_unapproved_addresses[https://llm.paxszapp.com/v2]" time="0.000" /><testcase classname="tests.acceptance.test_phase4_embedding_runtime" name="test_endpoint_allowlist_rejects_unapproved_addresses[https://llm.paxszapp.com/v1?query=1]" time="0.000" /><testcase classname="tests.acceptance.test_phase4_embedding_runtime" name="test_endpoint_allowlist_rejects_unapproved_addresses[https://llm.paxszapp.com/v1#fragment]" time="0.000" /><testcase classname="tests.acceptance.test_phase4_embedding_runtime" name="test_endpoint_allowlist_rejects_unapproved_addresses[https://user:secret@llm.paxszapp.com/v1]" time="0.000" /><testcase classname="tests.acceptance.test_phase4_embedding_runtime" name="test_client_disables_proxies_redirects_and_tls_downgrade" time="0.005" /><testcase classname="tests.acceptance.test_phase4_embedding_runtime" name="test_tls_failure_and_cache_evidence_never_expose_api_key" time="0.004" /><testcase classname="tests.acceptance.test_phase4_embedding_runtime" name="test_embedding_requires_matching_adopted_artifact" time="0.004" /><testcase classname="tests.acceptance.test_phase4_embedding_runtime" name="test_not_adopted_artifact_falls_back_without_client" time="0.003" /><testcase classname="tests.acceptance.test_phase4_embedding_runtime" name="test_missing_artifact_falls_back_without_client" time="0.001" /><testcase classname="tests.acceptance.test_phase4_embedding_runtime" name="test_artifact_schema_is_exact" time="0.002" /><testcase classname="tests.acceptance.test_phase4_embedding_runtime" name="test_artifact_and_probe_identity_mismatches_are_explicit[changed0-artifact_identity_mismatch]" time="0.003" /><testcase classname="tests.acceptance.test_phase4_embedding_runtime" name="test_artifact_and_probe_identity_mismatches_are_explicit[changed1-artifact_identity_mismatch]" time="0.003" /><testcase classname="tests.acceptance.test_phase4_embedding_runtime" name="test_artifact_and_probe_identity_mismatches_are_explicit[changed2-artifact_identity_mismatch]" time="0.003" /><testcase classname="tests.acceptance.test_phase4_embedding_runtime" name="test_probe_fingerprint_mismatch_is_explicit" time="0.003" /><testcase classname="tests.acceptance.test_phase4_embedding_runtime" name="test_batch_response_must_be_complete_unique_finite_and_nonzero" time="0.000" /><testcase classname="tests.acceptance.test_phase4_embedding_runtime" name="test_embedding_requests_use_bounded_batches_and_fail_before_overlong_input" time="0.000" /><testcase classname="tests.acceptance.test_phase4_embedding_runtime" name="test_s3_embedding_failure_discards_decisions_and_restarts_from_s2" time="0.003" /><testcase classname="tests.acceptance.test_phase4_embedding_runtime" name="test_s2_embedding_score_failure_restarts_with_only_jaccard_outputs" time="0.002" /><testcase classname="tests.acceptance.test_phase4_embedding_runtime" name="test_similarity_audit_is_written_on_early_report_exit" time="0.001" /><testcase classname="tests.acceptance.test_phase4_embedding_runtime" name="test_probe_failure_falls_back_before_s2" time="0.001" /><testcase classname="tests.acceptance.test_phase4_embedding_runtime" name="test_identity_bound_vector_cache_is_reused" time="0.001" /><testcase classname="tests.acceptance.test_phase4_embedding_runtime" name="test_vector_cache_rejects_every_identity_mismatch" time="0.000" /><testcase classname="tests.acceptance.test_phase4_gold" name="test_prepare_corpus_copies_markdown_only_and_binds_read_only_inputs" time="0.006" /><testcase classname="tests.acceptance.test_phase4_gold" name="test_prepare_corpus_rejects_relative_or_overlapping_roots" time="0.001" /><testcase classname="tests.acceptance.test_phase4_gold" name="test_gold_requires_per_item_decisions_and_complete_identity" time="0.002" /><testcase classname="tests.acceptance.test_phase4_gold" name="test_gold_rejects_batch_defaults_duplicate_decisions_and_bad_identity" time="0.001" /><testcase classname="tests.acceptance.test_phase4_gold" name="test_gold_rejects_stale_decision_after_draft_identity_changes" time="0.001" /><testcase classname="tests.acceptance.test_phase4_gold" name="test_gold_binds_stage_to_the_only_valid_right_root[S2-kb]" time="0.002" /><testcase classname="tests.acceptance.test_phase4_gold" name="test_gold_binds_stage_to_the_only_valid_right_root[S3-corpus]" time="0.001" /><testcase classname="tests.acceptance.test_phase4_gold" name="test_load_confirmed_gold_rejects_missing_or_bad_identity" time="0.001" /></testsuite></testsuites>