<?xml version="1.0" encoding="utf-8"?><testsuites name="pytest tests"><testsuite name="pytest" errors="0" failures="0" skipped="0" tests="80" time="1.770" timestamp="2026-07-29T20:39:58.590646+08:00" hostname="MacBook-Pro.local"><testcase classname="tests.acceptance.test_phase4_embedding_runtime" name="test_default_is_jaccard_and_does_not_construct_client" time="0.002" /><testcase classname="tests.acceptance.test_phase4_embedding_runtime" name="test_endpoint_allowlist[http://127.0.0.1:7777/v1-http://127.0.0.1:7777/v1]" time="0.000" /><testcase classname="tests.acceptance.test_phase4_embedding_runtime" name="test_endpoint_allowlist[https://[::1]:8443/v1/-https://[::1]:8443/v1]" time="0.000" /><testcase classname="tests.acceptance.test_phase4_embedding_runtime" name="test_endpoint_allowlist[https://llm.paxszapp.com/v1-https://llm.paxszapp.com:443/v1]" time="0.000" /><testcase classname="tests.acceptance.test_phase4_embedding_runtime" name="test_endpoint_allowlist_rejects_unapproved_addresses[http://llm.paxszapp.com/v1]" time="0.000" /><testcase classname="tests.acceptance.test_phase4_embedding_runtime" name="test_endpoint_allowlist_rejects_unapproved_addresses[https://llm.paxszapp.com:444/v1]" time="0.000" /><testcase classname="tests.acceptance.test_phase4_embedding_runtime" name="test_endpoint_allowlist_rejects_unapproved_addresses[https://example.com/v1]" time="0.000" /><testcase classname="tests.acceptance.test_phase4_embedding_runtime" name="test_endpoint_allowlist_rejects_unapproved_addresses[http://192.168.1.20:7777/v1]" time="0.000" /><testcase classname="tests.acceptance.test_phase4_embedding_runtime" name="test_endpoint_allowlist_rejects_unapproved_addresses[https://llm.paxszapp.com/v2]" time="0.000" /><testcase classname="tests.acceptance.test_phase4_embedding_runtime" name="test_endpoint_allowlist_rejects_unapproved_addresses[https://llm.paxszapp.com/v1?query=1]" time="0.000" /><testcase classname="tests.acceptance.test_phase4_embedding_runtime" name="test_endpoint_allowlist_rejects_unapproved_addresses[https://llm.paxszapp.com/v1#fragment]" time="0.000" /><testcase classname="tests.acceptance.test_phase4_embedding_runtime" name="test_endpoint_allowlist_rejects_unapproved_addresses[https://user:secret@llm.paxszapp.com/v1]" time="0.000" /><testcase classname="tests.acceptance.test_phase4_embedding_runtime" name="test_client_disables_proxies_redirects_and_tls_downgrade" time="0.004" /><testcase classname="tests.acceptance.test_phase4_embedding_runtime" name="test_tls_failure_and_cache_evidence_never_expose_api_key" time="0.004" /><testcase classname="tests.acceptance.test_phase4_embedding_runtime" name="test_embedding_requires_matching_adopted_artifact" time="0.004" /><testcase classname="tests.acceptance.test_phase4_embedding_runtime" name="test_not_adopted_artifact_falls_back_without_client" time="0.003" /><testcase classname="tests.acceptance.test_phase4_embedding_runtime" name="test_missing_artifact_falls_back_without_client" time="0.001" /><testcase classname="tests.acceptance.test_phase4_embedding_runtime" name="test_artifact_schema_is_exact" time="0.002" /><testcase classname="tests.acceptance.test_phase4_embedding_runtime" name="test_artifact_and_probe_identity_mismatches_are_explicit[changed0-artifact_identity_mismatch]" time="0.003" /><testcase classname="tests.acceptance.test_phase4_embedding_runtime" name="test_artifact_and_probe_identity_mismatches_are_explicit[changed1-artifact_identity_mismatch]" time="0.003" /><testcase classname="tests.acceptance.test_phase4_embedding_runtime" name="test_artifact_and_probe_identity_mismatches_are_explicit[changed2-artifact_identity_mismatch]" time="0.003" /><testcase classname="tests.acceptance.test_phase4_embedding_runtime" name="test_probe_fingerprint_mismatch_is_explicit" time="0.003" /><testcase classname="tests.acceptance.test_phase4_embedding_runtime" name="test_batch_response_must_be_complete_unique_finite_and_nonzero" time="0.000" /><testcase classname="tests.acceptance.test_phase4_embedding_runtime" name="test_embedding_requests_use_bounded_batches_and_fail_before_overlong_input" time="0.000" /><testcase classname="tests.acceptance.test_phase4_embedding_runtime" name="test_s3_embedding_failure_discards_decisions_and_restarts_from_s2" time="0.002" /><testcase classname="tests.acceptance.test_phase4_embedding_runtime" name="test_s2_embedding_score_failure_restarts_with_only_jaccard_outputs" time="0.002" /><testcase classname="tests.acceptance.test_phase4_embedding_runtime" name="test_similarity_audit_is_written_on_early_report_exit" time="0.001" /><testcase classname="tests.acceptance.test_phase4_embedding_runtime" name="test_probe_failure_falls_back_before_s2" time="0.001" /><testcase classname="tests.acceptance.test_phase4_embedding_runtime" name="test_identity_bound_vector_cache_is_reused" time="0.001" /><testcase classname="tests.acceptance.test_phase4_embedding_runtime" name="test_vector_cache_rejects_every_identity_mismatch" time="0.000" /><testcase classname="tests.acceptance.test_phase0_digest" name="test_digest_cli_contract_accepts_new_and_kb_directories" time="0.047" /><testcase classname="tests.acceptance.test_phase0_digest" name="test_digest_missing_inputs_reports_validation_error_for_missing_positionals" time="0.048" /><testcase classname="tests.acceptance.test_phase0_digest" name="test_digest_missing_inputs_reports_actionable_validation_errors" time="0.093" /><testcase classname="tests.acceptance.test_phase0_digest" name="test_digest_cli_contract_reads_json_config_defaults_and_options" time="0.098" /><testcase classname="tests.acceptance.test_phase0_digest" name="test_digest_cli_contract_reports_validation_error_for_invalid_json_config" time="0.046" /><testcase classname="tests.acceptance.test_phase0_digest" name="test_digest_cli_rejects_invalid_page_match_threshold" time="0.049" /><testcase classname="tests.acceptance.test_phase0_digest" name="test_digest_cli_contract_validation_errors_identify_the_failing_stage" time="0.191" /><testcase classname="tests.acceptance.test_phase0_digest" name="test_digest_dry_run_contract_audits_structure_with_defaults_without_writing" time="0.053" /><testcase classname="tests.acceptance.test_phase0_digest" name="test_digest_dry_run_contract_counts_only_ingestible_item_types" time="0.052" /><testcase classname="tests.acceptance.test_phase0_digest" name="test_digest_cli_contract_accepts_required_threshold_option_names_and_config_keys" time="0.053" /><testcase classname="tests.acceptance.test_phase0_digest" name="test_digest_cli_contract_reads_page_archive_and_queue_root_keys" time="0.050" /><testcase classname="tests.acceptance.test_phase0_digest" name="test_digest_dry_run_contract_rejects_escaping_digest_symlink" time="0.048" /><testcase classname="tests.acceptance.test_phase0_digest" name="test_s1_ingest_module_exports_ingest" time="0.000" /><testcase classname="tests.acceptance.test_phase0_digest" name="test_s2_cluster_module_exports_cluster" time="0.000" /><testcase classname="tests.acceptance.test_phase0_digest" name="test_s3_retrieve_module_exports_retrieve" time="0.000" /><testcase classname="tests.acceptance.test_phase0_digest" name="test_s4_draft_module_exports_draft" time="0.000" /><testcase classname="tests.acceptance.test_phase0_digest" name="test_jsonl_module_exports_read_write" time="0.000" /><testcase classname="tests.acceptance.test_phase0_digest" name="test_queues_module_exports_write_queues" time="0.000" /><testcase classname="tests.acceptance.test_phase0_digest" name="test_faithfulness_module_verifies_claims" time="0.000" /><testcase classname="tests.acceptance.test_phase0_digest" name="test_phase0_digest_fixture_files_exist" time="0.000" /><testcase classname="tests.acceptance.test_phase0_digest" name="test_digest_runs_s1_through_s4_with_traceable_outputs" time="0.058" /><testcase classname="tests.acceptance.test_phase0_digest" name="test_s5_writeback_reports_completed_atomic_page_writes" time="0.056" /><testcase classname="tests.acceptance.test_phase0_digest" name="test_s6_provenance_audit_keeps_only_valid_final_sources" time="0.055" /><testcase classname="tests.acceptance.test_phase0_digest" name="test_s5_atomic_failure_keeps_original_page_and_records_failed_write" time="0.004" /><testcase classname="tests.acceptance.test_phase0_digest" name="test_non_dry_run_report_matches_s5_formal_changes" time="0.054" /><testcase classname="tests.acceptance.test_phase0_digest" name="test_s2_low_confidence_clusters_are_written_to_review_queues" time="0.054" /><testcase classname="tests.acceptance.test_phase0_digest" name="test_s3_covers_new_revise_merge_multiple_and_respects_top_k" time="0.002" /><testcase classname="tests.acceptance.test_phase0_digest" name="test_s3_keeps_weak_positive_candidates_without_treating_them_as_targets" time="0.002" /><testcase classname="tests.acceptance.test_phase0_digest" name="test_s3_excludes_incidental_second_candidate_from_revise_targets" time="0.002" /><testcase classname="tests.acceptance.test_phase0_digest" name="test_s3_page_match_threshold_includes_exact_boundary_only" time="0.002" /><testcase classname="tests.acceptance.test_phase0_digest" name="test_s4_unsupported_claims_are_reported_but_never_written_to_page" time="0.056" /><testcase classname="tests.acceptance.test_phase0_digest" name="test_complete_run_has_six_of_six_traceable_stage_artifacts" time="0.054" /><testcase classname="tests.acceptance.test_phase0_digest" name="test_long_document_is_kept_complete_and_emits_split_suggestion" time="0.053" /><testcase classname="tests.acceptance.test_phase0_digest" name="test_ac011_out_of_scope_integrations_are_not_created" time="0.054" /><testcase classname="tests.acceptance.test_phase0_digest" name="test_dry_run_report_contains_stable_write_plan_snapshot" time="0.104" /><testcase classname="tests.acceptance.test_phase0_digest" name="test_revise_write_archives_exact_before_snapshot_with_reason" time="0.052" /><testcase classname="tests.acceptance.test_phase0_digest" name="test_rerun_is_idempotent_for_pages_and_queue_entries" time="0.101" /><testcase classname="tests.acceptance.test_phase0_digest" name="test_merge_multiple_writes_all_target_pages_from_one_real_draft" time="0.005" /><testcase classname="tests.acceptance.test_phase0_digest" name="test_two_clusters_targeting_one_page_are_aggregated_without_overwrite" time="0.003" /><testcase classname="tests.acceptance.test_phase0_digest" name="test_existing_page_is_archived_once_and_old_body_stays_formal" time="0.002" /><testcase classname="tests.acceptance.test_phase0_digest" name="test_cross_target_contributions_are_merged_per_page" time="0.004" /><testcase classname="tests.acceptance.test_phase0_digest" name="test_end_to_end_s3_to_s6_keeps_all_targets_coverage_and_unique_claims" time="0.058" /><testcase classname="tests.acceptance.test_phase0_digest" name="test_aggregated_writeback_keeps_existing_frontmatter_at_file_start" time="0.003" /><testcase classname="tests.acceptance.test_phase0_digest" name="test_long_merge_multiple_split_evidence_matches_all_real_targets" time="0.002" /><testcase classname="tests.acceptance.test_phase0_digest" name="test_same_run_id_replay_keeps_each_archive_snapshot_replayable" time="0.003" /><testcase classname="tests.acceptance.test_phase0_digest" name="test_aggregated_writeback_preserves_fenced_code_blocks" time="0.002" /><testcase classname="tests.acceptance.test_phase0_digest" name="test_body_provenance_details_heading_is_not_system_provenance" time="0.002" /><testcase classname="tests.acceptance.test_phase0_digest" name="test_same_page_write_report_and_archive_record_all_contributors" time="0.002" /><testcase classname="tests.acceptance.test_phase0_digest" name="test_writeback_rejects_symlink_escape_before_external_write" time="0.001" /><testcase classname="tests.acceptance.test_phase0_digest" name="test_same_claim_text_is_deduped_in_markdown_and_provenance_on_replay" time="0.004" /></testsuite></testsuites>