<?xml version="1.0" encoding="utf-8"?><testsuites name="pytest tests"><testsuite name="pytest" errors="0" failures="0" skipped="0" tests="8" time="0.021" timestamp="2026-07-29T20:40:00.693124+08:00" hostname="MacBook-Pro.local"><testcase classname="tests.acceptance.test_phase4_gold" name="test_prepare_corpus_copies_markdown_only_and_binds_read_only_inputs" time="0.006" /><testcase classname="tests.acceptance.test_phase4_gold" name="test_prepare_corpus_rejects_relative_or_overlapping_roots" time="0.001" /><testcase classname="tests.acceptance.test_phase4_gold" name="test_gold_requires_per_item_decisions_and_complete_identity" time="0.001" /><testcase classname="tests.acceptance.test_phase4_gold" name="test_gold_rejects_batch_defaults_duplicate_decisions_and_bad_identity" time="0.001" /><testcase classname="tests.acceptance.test_phase4_gold" name="test_gold_rejects_stale_decision_after_draft_identity_changes" time="0.001" /><testcase classname="tests.acceptance.test_phase4_gold" name="test_gold_binds_stage_to_the_only_valid_right_root[S2-kb]" time="0.001" /><testcase classname="tests.acceptance.test_phase4_gold" name="test_gold_binds_stage_to_the_only_valid_right_root[S3-corpus]" time="0.001" /><testcase classname="tests.acceptance.test_phase4_gold" name="test_load_confirmed_gold_rejects_missing_or_bad_identity" time="0.001" /></testsuite></testsuites>