<?xml version="1.0" encoding="utf-8"?><testsuites name="pytest tests"><testsuite name="pytest" errors="0" failures="0" skipped="0" tests="13" time="0.039" timestamp="2026-07-29T20:40:00.832200+08:00" hostname="MacBook-Pro.local"><testcase classname="tests.acceptance.test_phase4_calibration" name="test_feature_separation_is_recomputable_and_thresholds_ignore_holdout" time="0.003" /><testcase classname="tests.acceptance.test_phase4_calibration" name="test_adoption_fails_closed_for_missing_cells_leakage_or_new_errors" time="0.003" /><testcase classname="tests.acceptance.test_phase4_calibration" name="test_zero_metric_denominator_lists_expansion_and_stays_not_adopted" time="0.001" /><testcase classname="tests.acceptance.test_phase4_calibration" name="test_tier_distribution_deduplicates_observed_clusters" time="0.001" /><testcase classname="tests.acceptance.test_phase4_calibration" name="test_split_is_deterministic_stratified_and_confirmed_only" time="0.001" /><testcase classname="tests.acceptance.test_phase4_calibration" name="test_single_lineage_cell_becomes_not_adopted_expansion_evidence" time="0.001" /><testcase classname="tests.acceptance.test_phase4_calibration" name="test_service_unavailable_is_blocked_not_an_artifact" time="0.000" /><testcase classname="tests.acceptance.test_phase4_calibration" name="test_cli_writes_exact_artifact_and_preserves_explicit_jaccard" time="0.007" /><testcase classname="tests.acceptance.test_phase4_calibration" name="test_cli_rejects_scored_gold_field_tampering_with_old_hash[lineage_id]" time="0.003" /><testcase classname="tests.acceptance.test_phase4_calibration" name="test_cli_rejects_scored_gold_field_tampering_with_old_hash[content_identity]" time="0.003" /><testcase classname="tests.acceptance.test_phase4_calibration" name="test_cli_rejects_scored_gold_field_tampering_with_old_hash[label]" time="0.002" /><testcase classname="tests.acceptance.test_phase4_calibration" name="test_fresh_recommendation_enables_embedding_without_mutating_source" time="0.001" /><testcase classname="tests.acceptance.test_phase4_calibration" name="test_cli_blocked_writes_no_artifact" time="0.002" /></testsuite></testsuites>