<?xml version="1.0" encoding="utf-8"?><testsuites name="pytest tests"><testsuite name="pytest" errors="1" failures="0" skipped="0" tests="1" time="0.051" timestamp="2026-07-29T20:38:23.192150+08:00" hostname="MacBook-Pro.local"><testcase classname="" name="tests.acceptance.test_phase4_embedding_runner" time="0.000"><error message="collection failure">ImportError while importing test module '/private/tmp/kd-phase4-t011-red.NZ2Ht1/tree/tests/acceptance/test_phase4_embedding_runner.py'.
Hint: make sure your test modules/packages have valid Python names.
Traceback:
/Users/Hugh/.local/share/uv/python/cpython-3.12.13-macos-aarch64-none/lib/python3.12/importlib/__init__.py:90: in import_module
    return _bootstrap._gcd_import(name[level:], package, level)
           ^^^^^^^^^^^^^^^^^^^^^^^^^^^^^^^^^^^^^^^^^^^^^^^^^^^^
tests/acceptance/test_phase4_embedding_runner.py:10: in &lt;module&gt;
    from knowledge_digest.config import DigestSettings, EmbeddingSettings
E   ImportError: cannot import name 'EmbeddingSettings' from 'knowledge_digest.config' (/private/tmp/kd-phase4-t011-red.NZ2Ht1/tree/src/knowledge_digest/config.py)</error></testcase></testsuite></testsuites>