<?xml version="1.0" encoding="utf-8"?><testsuites name="pytest tests"><testsuite name="pytest" errors="0" failures="0" skipped="0" tests="9" time="0.190" timestamp="2026-07-29T20:40:01.167070+08:00" hostname="MacBook-Pro.local"><testcase classname="tests.acceptance.test_phase4_embedding_runner" name="test_formal_identity_bindings_are_globally_unique[changed0-source identity]" time="0.000" /><testcase classname="tests.acceptance.test_phase4_embedding_runner" name="test_formal_identity_bindings_are_globally_unique[changed1-query_id]" time="0.000" /><testcase classname="tests.acceptance.test_phase4_embedding_runner" name="test_formal_cases_are_scored_by_one_real_batch_not_trusted" time="0.012" /><testcase classname="tests.acceptance.test_phase4_embedding_runner" name="test_runner_requires_distinct_absolute_paths" time="0.001" /><testcase classname="tests.acceptance.test_phase4_embedding_runner" name="test_runner_rejects_nonempty_evidence_without_overwriting" time="0.009" /><testcase classname="tests.acceptance.test_phase4_embedding_runner" name="test_replay_mismatch_is_blocked_and_removes_current_artifact" time="0.002" /><testcase classname="tests.acceptance.test_phase4_embedding_runner" name="test_calibration_exception_removes_every_partial_file" time="0.002" /><testcase classname="tests.acceptance.test_phase4_embedding_runner" name="test_blocked_run_proves_isolation_cleanup_and_writes_no_artifact" time="0.075" /><testcase classname="tests.acceptance.test_phase4_embedding_runner" name="test_success_keeps_explicit_jaccard_config_and_binds_probe_identity" time="0.072" /></testsuite></testsuites>